<?xml version="1.0" encoding="UTF-8"?>
<!-- Generated by org.testng.reporters.JUnitReportReporter -->
<testsuite hostname="LAPTOP-FJ3K051I" failures="0" tests="2" name="runnerClasses.TextBoxRunner" time="9.893" errors="0" timestamp="20 Jun 2021 07:00:26 GMT" skipped="0">
  <testcase classname="runnerClasses.TextBoxRunner" name="test1" time="5.681"/>
  <testcase classname="runnerClasses.TextBoxRunner" name="test2" time="4.212"/>
</testsuite> <!-- runnerClasses.TextBoxRunner -->
