<?xml version="1.0" encoding="UTF-8"?>
<!-- Generated by org.testng.reporters.JUnitReportReporter -->
<testsuite hostname="LAPTOP-FJ3K051I" failures="0" tests="1" name="setup.SeleniumInit" time="0.018" errors="0" timestamp="19 Jun 2021 19:28:32 GMT" skipped="0">
  <testcase classname="setup.SeleniumInit" name="setup" time="0.018"/>
</testsuite> <!-- setup.SeleniumInit -->
